Using pre-set license
Built from '2021.3/staging' branch; Version is '2021.3.1f1 (3b70a0754835) revision 3895456'; Using compiler version '192829333'; Build Type 'Release'
OS: 'Windows 11  (10.0.22000) 64bit Professional' Language: 'pt' Physical Memory: 8112 MB
BatchMode: 1, IsHumanControllingUs: 0, StartBugReporterOnCrash: 0, Is64bit: 1, IsPro: 1

COMMAND LINE ARGUMENTS:
C:\Program Files\Unity\Hub\Editor\2021.3.1f1\Editor\Unity.exe
-adb2
-batchMode
-noUpm
-name
AssetImportWorker0
-projectPath
C:/Users/Sky/Desktop/School/DV/GameJam
-logFile
Logs/AssetImportWorker0.log
-srvPort
51684
Successfully changed project path to: C:/Users/Sky/Desktop/School/DV/GameJam
C:/Users/Sky/Desktop/School/DV/GameJam
[UnityMemory] Configuration Parameters - Can be set up in boot.config
    "memorysetup-bucket-allocator-granularity=16"
    "memorysetup-bucket-allocator-bucket-count=8"
    "memorysetup-bucket-allocator-block-size=33554432"
    "memorysetup-bucket-allocator-block-count=8"
    "memorysetup-main-allocator-block-size=16777216"
    "memorysetup-thread-allocator-block-size=16777216"
    "memorysetup-gfx-main-allocator-block-size=16777216"
    "memorysetup-gfx-thread-allocator-block-size=16777216"
    "memorysetup-cache-allocator-block-size=4194304"
    "memorysetup-typetree-allocator-block-size=2097152"
    "memorysetup-profiler-bucket-allocator-granularity=16"
    "memorysetup-profiler-bucket-allocator-bucket-count=8"
    "memorysetup-profiler-bucket-allocator-block-size=33554432"
    "memorysetup-profiler-bucket-allocator-block-count=8"
    "memorysetup-profiler-allocator-block-size=16777216"
    "memorysetup-profiler-editor-allocator-block-size=1048576"
    "memorysetup-temp-allocator-size-main=16777216"
    "memorysetup-job-temp-allocator-block-size=2097152"
    "memorysetup-job-temp-allocator-block-size-background=1048576"
    "memorysetup-job-temp-allocator-reduction-small-platforms=262144"
    "memorysetup-temp-allocator-size-background-worker=32768"
    "memorysetup-temp-allocator-size-job-worker=262144"
    "memorysetup-temp-allocator-size-preload-manager=33554432"
    "memorysetup-temp-allocator-size-nav-mesh-worker=65536"
    "memorysetup-temp-allocator-size-audio-worker=65536"
    "memorysetup-temp-allocator-size-cloud-worker=32768"
    "memorysetup-temp-allocator-size-gi-baking-worker=262144"
    "memorysetup-temp-allocator-size-gfx=262144"
Refreshing native plugins compatible for Editor in 96.90 ms, found 3 plugins.
Preloading 0 native plugins for Editor in 0.00 ms.
Initialize engine version: 2021.3.1f1 (3b70a0754835)
[Subsystems] Discovering subsystems at path C:/Program Files/Unity/Hub/Editor/2021.3.1f1/Editor/Data/Resources/UnitySubsystems
[Subsystems] Discovering subsystems at path C:/Users/Sky/Desktop/School/DV/GameJam/Assets
GfxDevice: creating device client; threaded=0; jobified=0
Direct3D:
    Version:  Direct3D 11.0 [level 11.1]
    Renderer: NVIDIA GeForce RTX 2060 (ID=0x1f11)
    Vendor:   NVIDIA
    VRAM:     5980 MB
    Driver:   30.0.15.1259
Initialize mono
Mono path[0] = 'C:/Program Files/Unity/Hub/Editor/2021.3.1f1/Editor/Data/Managed'
Mono path[1] = 'C:/Program Files/Unity/Hub/Editor/2021.3.1f1/Editor/Data/MonoBleedingEdge/lib/mono/unityjit-win32'
Mono config path = 'C:/Program Files/Unity/Hub/Editor/2021.3.1f1/Editor/Data/MonoBleedingEdge/etc'
Using monoOptions --debugger-agent=transport=dt_socket,embedding=1,server=y,suspend=n,address=127.0.0.1:56572
Begin MonoManager ReloadAssembly
Registering precompiled unity dll's ...
Register platform support module: C:/Program Files/Unity/Hub/Editor/2021.3.1f1/Editor/Data/PlaybackEngines/WebGLSupport/UnityEditor.WebGL.Extensions.dll
Register platform support module: C:/Program Files/Unity/Hub/Editor/2021.3.1f1/Editor/Data/PlaybackEngines/AndroidPlayer/UnityEditor.Android.Extensions.dll
Register platform support module: C:/Program Files/Unity/Hub/Editor/2021.3.1f1/Editor/Data/PlaybackEngines/WindowsStandaloneSupport/UnityEditor.WindowsStandalone.Extensions.dll
Registered in 0.008745 seconds.
Native extension for WindowsStandalone target not found
Native extension for Android target not found
Native extension for WebGL target not found
Refreshing native plugins compatible for Editor in 102.69 ms, found 3 plugins.
Preloading 0 native plugins for Editor in 0.00 ms.
Mono: successfully reloaded assembly
- Completed reload, in  0.930 seconds
Domain Reload Profiling:
	ReloadAssembly (931ms)
		BeginReloadAssembly (92ms)
			ExecutionOrderSort (0ms)
			DisableScriptedObjects (0ms)
			BackupInstance (0ms)
			ReleaseScriptingObjects (0ms)
			CreateAndSetChildDomain (1ms)
		EndReloadAssembly (653ms)
			LoadAssemblies (90ms)
			RebuildTransferFunctionScriptingTraits (0ms)
			SetupTypeCache (165ms)
			ReleaseScriptCaches (0ms)
			RebuildScriptCaches (37ms)
			SetupLoadedEditorAssemblies (385ms)
				LogAssemblyErrors (0ms)
				InitializePlatformSupportModulesInManaged (69ms)
				SetLoadedEditorAssemblies (2ms)
				RefreshPlugins (103ms)
				BeforeProcessingInitializeOnLoad (2ms)
				ProcessInitializeOnLoadAttributes (143ms)
				ProcessInitializeOnLoadMethodAttributes (66ms)
				AfterProcessingInitializeOnLoad (0ms)
				EditorAssembliesLoaded (0ms)
			ExecutionOrderSort2 (0ms)
			AwakeInstancesAfterBackupRestoration (0ms)
Platform modules already initialized, skipping
Registering precompiled user dll's ...
Registered in 0.005260 seconds.
Begin MonoManager ReloadAssembly
Symbol file LoadedFromMemory doesn't match image C:\Users\Sky\Desktop\School\DV\GameJam\Library\PackageCache\com.unity.visualscripting@1.7.6\Editor\VisualScripting.Core\Dependencies\YamlDotNet\Unity.VisualScripting.YamlDotNet.dll
Symbol file LoadedFromMemory is not a mono symbol file
Symbol file LoadedFromMemory doesn't match image C:\Users\Sky\Desktop\School\DV\GameJam\Library\PackageCache\com.unity.visualscripting@1.7.6\Editor\VisualScripting.Core\Dependencies\DotNetZip\Unity.VisualScripting.IonicZip.dll
Native extension for WindowsStandalone target not found
Native extension for Android target not found
Native extension for WebGL target not found
Refreshing native plugins compatible for Editor in 0.74 ms, found 3 plugins.
Preloading 0 native plugins for Editor in 0.00 ms.
Mono: successfully reloaded assembly
- Completed reload, in  1.832 seconds
Domain Reload Profiling:
	ReloadAssembly (1833ms)
		BeginReloadAssembly (316ms)
			ExecutionOrderSort (0ms)
			DisableScriptedObjects (13ms)
			BackupInstance (0ms)
			ReleaseScriptingObjects (0ms)
			CreateAndSetChildDomain (144ms)
		EndReloadAssembly (1362ms)
			LoadAssemblies (238ms)
			RebuildTransferFunctionScriptingTraits (0ms)
			SetupTypeCache (388ms)
			ReleaseScriptCaches (1ms)
			RebuildScriptCaches (112ms)
			SetupLoadedEditorAssemblies (520ms)
				LogAssemblyErrors (0ms)
				InitializePlatformSupportModulesInManaged (23ms)
				SetLoadedEditorAssemblies (1ms)
				RefreshPlugins (1ms)
				BeforeProcessingInitializeOnLoad (133ms)
				ProcessInitializeOnLoadAttributes (311ms)
				ProcessInitializeOnLoadMethodAttributes (37ms)
				AfterProcessingInitializeOnLoad (13ms)
				EditorAssembliesLoaded (0ms)
			ExecutionOrderSort2 (0ms)
			AwakeInstancesAfterBackupRestoration (9ms)
Platform modules already initialized, skipping
========================================================================
Worker process is ready to serve import requests
Launched and connected shader compiler UnityShaderCompiler.exe after 0.14 seconds
Refreshing native plugins compatible for Editor in 2.29 ms, found 3 plugins.
Preloading 0 native plugins for Editor in 0.00 ms.
Unloading 3600 Unused Serialized files (Serialized files now loaded: 0)
Unloading 24 unused Assets / (163.5 KB). Loaded Objects now: 4063.
Memory consumption went from 130.1 MB to 130.0 MB.
Total: 9.311900 ms (FindLiveObjects: 0.966800 ms CreateObjectMapping: 0.587900 ms MarkObjects: 7.482300 ms  DeleteObjects: 0.273000 ms)

AssetImportParameters requested are different than current active one (requested -> active):
  custom:video-decoder-ogg-theora: a1e56fd34408186e4bbccfd4996cb3dc -> 
  custom:container-muxer-webm: aa71ff27fc2769a1b78a27578f13a17b -> 
  custom:container-demuxer-webm: 4f35f7cbe854078d1ac9338744f61a02 -> 
  custom:video-encoder-webm-vp8: eb34c28f22e8b96e1ab97ce403110664 -> 
  custom:audio-encoder-webm-vorbis: bf7c407c2cedff20999df2af8eb42d56 -> 
  custom:framework-win-MediaFoundation: 216162199b28c13a410421893ffa2e32 -> 
  custom:container-demuxer-ogg: 62fdf1f143b41e24485cea50d1cbac27 -> 
  custom:video-decoder-webm-vp8: 9c59270c3fd7afecdb556c50c9e8de78 -> 
  custom:audio-decoder-ogg-vorbis: bf7c407c2cedff20999df2af8eb42d56 -> 
========================================================================
Received Import Request.
  Time since last request: 129808.842129 seconds.
  path: Assets/test.fbx
  artifactKey: Guid(be83cbe9078746a4b96ac32b8302bdda) Importer(815301076,1909f56bfc062723c751e8b465ee728b)
Start importing Assets/test.fbx using Guid(be83cbe9078746a4b96ac32b8302bdda) Importer(815301076,1909f56bfc062723c751e8b465ee728b)  -> (artifact id: '1e4fb29566430887d7e77a6b67d5c06c') in 0.333511 seconds 
========================================================================
Received Import Request.
  Time since last request: 1172.678741 seconds.
  path: Assets/test.fbx
  artifactKey: Guid(be83cbe9078746a4b96ac32b8302bdda) Importer(815301076,1909f56bfc062723c751e8b465ee728b)
Start importing Assets/test.fbx using Guid(be83cbe9078746a4b96ac32b8302bdda) Importer(815301076,1909f56bfc062723c751e8b465ee728b)  -> (artifact id: 'b8f5dd3e949eaa935a2053d37c41dabb') in 0.075122 seconds 
========================================================================
Received Import Request.
  Time since last request: 210.418683 seconds.
  path: Assets/ArcadeMachineV0.1.fbx
  artifactKey: Guid(1bc09db8a5e3a0a41925447781aac94a) Importer(815301076,1909f56bfc062723c751e8b465ee728b)
Start importing Assets/ArcadeMachineV0.1.fbx using Guid(1bc09db8a5e3a0a41925447781aac94a) Importer(815301076,1909f56bfc062723c751e8b465ee728b)  -> (artifact id: 'a5ed946e9d04e022aa37973dfcde12ec') in 0.076714 seconds 
========================================================================
Received Import Request.
  Time since last request: 4.356225 seconds.
  path: Assets/ArcadeMachineV0.1.fbx
  artifactKey: Guid(1bc09db8a5e3a0a41925447781aac94a) Importer(815301076,1909f56bfc062723c751e8b465ee728b)
Start importing Assets/ArcadeMachineV0.1.fbx using Guid(1bc09db8a5e3a0a41925447781aac94a) Importer(815301076,1909f56bfc062723c751e8b465ee728b)  -> (artifact id: '15a0f6e55c846888c3c8ed4731918967') in 0.159484 seconds 
========================================================================
Received Import Request.
  Time since last request: 203.575970 seconds.
  path: Assets/Lol.mat
  artifactKey: Guid(f4658305f85735d46baa7352d74181e7) Importer(815301076,1909f56bfc062723c751e8b465ee728b)
Start importing Assets/Lol.mat using Guid(f4658305f85735d46baa7352d74181e7) Importer(815301076,1909f56bfc062723c751e8b465ee728b)  -> (artifact id: 'eb803d1a084fe3d13bed5f9690abc4e5') in 0.050857 seconds 
========================================================================
Received Import Request.
  Time since last request: 50.406644 seconds.
  path: Assets/blue.mat
  artifactKey: Guid(023944e6990ca404b84032c363fbcfb3) Importer(815301076,1909f56bfc062723c751e8b465ee728b)
Start importing Assets/blue.mat using Guid(023944e6990ca404b84032c363fbcfb3) Importer(815301076,1909f56bfc062723c751e8b465ee728b)  -> (artifact id: 'c52eddc6dc4fc411b9a0d6ef44292a7f') in 0.023744 seconds 
========================================================================
Received Import Request.
  Time since last request: 71.352542 seconds.
  path: Assets/ArcadeMachineV0.2.fbx
  artifactKey: Guid(37988928e8fb9da45a7654d30c905144) Importer(815301076,1909f56bfc062723c751e8b465ee728b)
Start importing Assets/ArcadeMachineV0.2.fbx using Guid(37988928e8fb9da45a7654d30c905144) Importer(815301076,1909f56bfc062723c751e8b465ee728b)  -> (artifact id: '25bda241b459f7a5d4645684ff698fe7') in 0.071206 seconds 
========================================================================
Received Import Request.
  Time since last request: 10.926264 seconds.
  path: Assets/ArcadeMachineV0.2.fbx
  artifactKey: Guid(37988928e8fb9da45a7654d30c905144) Importer(815301076,1909f56bfc062723c751e8b465ee728b)
Start importing Assets/ArcadeMachineV0.2.fbx using Guid(37988928e8fb9da45a7654d30c905144) Importer(815301076,1909f56bfc062723c751e8b465ee728b)  -> (artifact id: '4d79bfbed203be02495fdb6688fcde06') in 0.083640 seconds 
========================================================================
Received Import Request.
  Time since last request: 146.609757 seconds.
  path: Assets/ArcadeMachineV0.3.fbx
  artifactKey: Guid(9e9e43e33b8bfc746b47a1b4b11555b5) Importer(815301076,1909f56bfc062723c751e8b465ee728b)
Start importing Assets/ArcadeMachineV0.3.fbx using Guid(9e9e43e33b8bfc746b47a1b4b11555b5) Importer(815301076,1909f56bfc062723c751e8b465ee728b)  -> (artifact id: '121fe3fc11751b9e770e0ff6eaedae0c') in 0.086319 seconds 
========================================================================
Received Import Request.
  Time since last request: 8.669526 seconds.
  path: Assets/ArcadeMachineV0.3.fbx
  artifactKey: Guid(9e9e43e33b8bfc746b47a1b4b11555b5) Importer(815301076,1909f56bfc062723c751e8b465ee728b)
Start importing Assets/ArcadeMachineV0.3.fbx using Guid(9e9e43e33b8bfc746b47a1b4b11555b5) Importer(815301076,1909f56bfc062723c751e8b465ee728b)  -> (artifact id: '56e39933b6428dfca5a45a020379a8e6') in 0.066930 seconds 
